# JRE version: Java(TM) SE Runtime Environment (8.0_172-b11) (build 1.8.0_172-b11)
# Java VM: Java HotSpot(TM) 64-Bit Server VM (25.172-b11 mixed mode windows-amd64 compressed oops)
Heap:
 PSYoungGen      total 334336K, used 195368K [0x00000000d5580000, 0x00000000f0680000, 0x0000000100000000)
  eden space 251904K, 60% used [0x00000000d5580000,0x00000000deb189f0,0x00000000e4b80000)
  from space 82432K, 51% used [0x00000000e4b80000,0x00000000e74b1910,0x00000000e9c00000)
  to   space 80384K, 0% used [0x00000000eb800000,0x00000000eb800000,0x00000000f0680000)
 ParOldGen       total 284160K, used 173331K [0x0000000080000000, 0x0000000091580000, 0x00000000d5580000)
  object space 284160K, 60% used [0x0000000080000000,0x000000008a944fc8,0x0000000091580000)
 Metaspace       used 94145K, capacity 98768K, committed 99328K, reserved 1134592K
  class space    used 12459K, capacity 13342K, committed 13568K, reserved 1048576K
GC Heap History (10 events):
Event: 3157.812 GC heap before
{Heap before GC invocations=35 (full 4):
 PSYoungGen      total 257536K, used 230210K [0x00000000d5580000, 0x00000000e8b80000, 0x0000000100000000)
  eden space 198656K, 99% used [0x00000000d5580000,0x00000000e1775250,0x00000000e1780000)
  from space 58880K, 53% used [0x00000000e5200000,0x00000000e70db7d0,0x00000000e8b80000)
  to   space 59392K, 0% used [0x00000000e1780000,0x00000000e1780000,0x00000000e5180000)
 ParOldGen       total 284160K, used 149613K [0x0000000080000000, 0x0000000091580000, 0x00000000d5580000)
  object space 284160K, 52% used [0x0000000080000000,0x000000008921b778,0x0000000091580000)
 Metaspace       used 93338K, capacity 97784K, committed 98816K, reserved 1134592K
  class space    used 12419K, capacity 13272K, committed 13568K, reserved 1048576K
Event: 3160.199 GC heap after
Heap after GC invocations=35 (full 4):
 PSYoungGen      total 258048K, used 45934K [0x00000000d5580000, 0x00000000ead80000, 0x0000000100000000)
  eden space 198656K, 0% used [0x00000000d5580000,0x00000000d5580000,0x00000000e1780000)
  from space 59392K, 77% used [0x00000000e1780000,0x00000000e445b9e0,0x00000000e5180000)
  to   space 64000K, 0% used [0x00000000e6f00000,0x00000000e6f00000,0x00000000ead80000)
 ParOldGen       total 284160K, used 152253K [0x0000000080000000, 0x0000000091580000, 0x00000000d5580000)
  object space 284160K, 53% used [0x0000000080000000,0x00000000894af7d8,0x0000000091580000)
 Metaspace       used 93338K, capacity 97784K, committed 98816K, reserved 1134592K
  class space    used 12419K, capacity 13272K, committed 13568K, reserved 1048576K
}
Event: 3192.624 GC heap before
{Heap before GC invocations=36 (full 4):
 PSYoungGen      total 258048K, used 244590K [0x00000000d5580000, 0x00000000ead80000, 0x0000000100000000)
  eden space 198656K, 100% used [0x00000000d5580000,0x00000000e1780000,0x00000000e1780000)
  from space 59392K, 77% used [0x00000000e1780000,0x00000000e445b9e0,0x00000000e5180000)
  to   space 64000K, 0% used [0x00000000e6f00000,0x00000000e6f00000,0x00000000ead80000)
 ParOldGen       total 284160K, used 152253K [0x0000000080000000, 0x0000000091580000, 0x00000000d5580000)
  object space 284160K, 53% used [0x0000000080000000,0x00000000894af7d8,0x0000000091580000)
 Metaspace       used 93602K, capacity 98068K, committed 98816K, reserved 1134592K
  class space    used 12427K, capacity 13286K, committed 13568K, reserved 1048576K
Event: 3192.810 GC heap after
Heap after GC invocations=36 (full 4):
 PSYoungGen      total 280064K, used 34043K [0x00000000d5580000, 0x00000000ea880000, 0x0000000100000000)
  eden space 221184K, 0% used [0x00000000d5580000,0x00000000d5580000,0x00000000e2d80000)
  from space 58880K, 57% used [0x00000000e6f00000,0x00000000e903ef88,0x00000000ea880000)
  to   space 62976K, 0% used [0x00000000e2d80000,0x00000000e2d80000,0x00000000e6b00000)
 ParOldGen       total 284160K, used 152261K [0x0000000080000000, 0x0000000091580000, 0x00000000d5580000)
  object space 284160K, 53% used [0x0000000080000000,0x00000000894b17d8,0x0000000091580000)
 Metaspace       used 93602K, capacity 98068K, committed 98816K, reserved 1134592K
  class space    used 12427K, capacity 13286K, committed 13568K, reserved 1048576K
}
Event: 3197.142 GC heap before
{Heap before GC invocations=37 (full 4):
 PSYoungGen      total 280064K, used 255227K [0x00000000d5580000, 0x00000000ea880000, 0x0000000100000000)
  eden space 221184K, 100% used [0x00000000d5580000,0x00000000e2d80000,0x00000000e2d80000)
  from space 58880K, 57% used [0x00000000e6f00000,0x00000000e903ef88,0x00000000ea880000)
  to   space 62976K, 0% used [0x00000000e2d80000,0x00000000e2d80000,0x00000000e6b00000)
 ParOldGen       total 284160K, used 152261K [0x0000000080000000, 0x0000000091580000, 0x00000000d5580000)
  object space 284160K, 53% used [0x0000000080000000,0x00000000894b17d8,0x0000000091580000)
 Metaspace       used 93682K, capacity 98178K, committed 99072K, reserved 1134592K
  class space    used 12430K, capacity 13291K, committed 13568K, reserved 1048576K
Event: 3197.651 GC heap after
Heap after GC invocations=37 (full 4):
 PSYoungGen      total 284160K, used 62960K [0x00000000d5580000, 0x00000000eea80000, 0x0000000100000000)
  eden space 221184K, 0% used [0x00000000d5580000,0x00000000d5580000,0x00000000e2d80000)
  from space 62976K, 99% used [0x00000000e2d80000,0x00000000e6afc0e8,0x00000000e6b00000)
  to   space 79872K, 0% used [0x00000000e9c80000,0x00000000e9c80000,0x00000000eea80000)
 ParOldGen       total 284160K, used 172963K [0x0000000080000000, 0x0000000091580000, 0x00000000d5580000)
  object space 284160K, 60% used [0x0000000080000000,0x000000008a8e8fa8,0x0000000091580000)
 Metaspace       used 93682K, capacity 98178K, committed 99072K, reserved 1134592K
  class space    used 12430K, capacity 13291K, committed 13568K, reserved 1048576K
}
Event: 3494.294 GC heap before
{Heap before GC invocations=38 (full 4):
 PSYoungGen      total 284160K, used 284144K [0x00000000d5580000, 0x00000000eea80000, 0x0000000100000000)
  eden space 221184K, 100% used [0x00000000d5580000,0x00000000e2d80000,0x00000000e2d80000)
  from space 62976K, 99% used [0x00000000e2d80000,0x00000000e6afc0e8,0x00000000e6b00000)
  to   space 79872K, 0% used [0x00000000e9c80000,0x00000000e9c80000,0x00000000eea80000)
 ParOldGen       total 284160K, used 172963K [0x0000000080000000, 0x0000000091580000, 0x00000000d5580000)
  object space 284160K, 60% used [0x0000000080000000,0x000000008a8e8fa8,0x0000000091580000)
 Metaspace       used 93857K, capacity 98424K, committed 99072K, reserved 1134592K
  class space    used 12434K, capacity 13298K, committed 13568K, reserved 1048576K
Event: 3496.171 GC heap after
Heap after GC invocations=38 (full 4):
 PSYoungGen      total 331776K, used 52966K [0x00000000d5580000, 0x00000000eec80000, 0x0000000100000000)
  eden space 251904K, 0% used [0x00000000d5580000,0x00000000d5580000,0x00000000e4b80000)
  from space 79872K, 66% used [0x00000000e9c80000,0x00000000ed039b30,0x00000000eea80000)
  to   space 82432K, 0% used [0x00000000e4b80000,0x00000000e4b80000,0x00000000e9c00000)
 ParOldGen       total 284160K, used 173091K [0x0000000080000000, 0x0000000091580000, 0x00000000d5580000)
  object space 284160K, 60% used [0x0000000080000000,0x000000008a908fa8,0x0000000091580000)
 Metaspace       used 93857K, capacity 98424K, committed 99072K, reserved 1134592K
  class space    used 12434K, capacity 13298K, committed 13568K, reserved 1048576K
}
Event: 3766.384 GC heap before
{Heap before GC invocations=39 (full 4):
 PSYoungGen      total 331776K, used 304870K [0x00000000d5580000, 0x00000000eec80000, 0x0000000100000000)
  eden space 251904K, 100% used [0x00000000d5580000,0x00000000e4b80000,0x00000000e4b80000)
  from space 79872K, 66% used [0x00000000e9c80000,0x00000000ed039b30,0x00000000eea80000)
  to   space 82432K, 0% used [0x00000000e4b80000,0x00000000e4b80000,0x00000000e9c00000)
 ParOldGen       total 284160K, used 173091K [0x0000000080000000, 0x0000000091580000, 0x00000000d5580000)
  object space 284160K, 60% used [0x0000000080000000,0x000000008a908fa8,0x0000000091580000)
 Metaspace       used 93971K, capacity 98560K, committed 99328K, reserved 1134592K
  class space    used 12440K, capacity 13308K, committed 13568K, reserved 1048576K
Event: 3766.516 GC heap after
Heap after GC invocations=39 (full 4):
 PSYoungGen      total 334336K, used 42182K [0x00000000d5580000, 0x00000000f0680000, 0x0000000100000000)
  eden space 251904K, 0% used [0x00000000d5580000,0x00000000d5580000,0x00000000e4b80000)
  from space 82432K, 51% used [0x00000000e4b80000,0x00000000e74b1910,0x00000000e9c00000)
  to   space 80384K, 0% used [0x00000000eb800000,0x00000000eb800000,0x00000000f0680000)
 ParOldGen       total 284160K, used 173331K [0x0000000080000000, 0x0000000091580000, 0x00000000d5580000)
  object space 284160K, 60% used [0x0000000080000000,0x000000008a944fc8,0x0000000091580000)
 Metaspace       used 93971K, capacity 98560K, committed 99328K, reserved 1134592K
  class space    used 12440K, capacity 13308K, committed 13568K, reserved 1048576K
}

