# JRE version: Java(TM) SE Runtime Environment (8.0_172-b11) (build 1.8.0_172-b11)
# Java VM: Java HotSpot(TM) 64-Bit Server VM (25.172-b11 mixed mode windows-amd64 compressed oops)
Heap:
 PSYoungGen      total 555520K, used 139766K [0x00000000d5580000, 0x0000000100000000, 0x0000000100000000)
  eden space 433664K, 10% used [0x00000000d5580000,0x00000000d8164468,0x00000000efd00000)
  from space 121856K, 77% used [0x00000000f8480000,0x00000000fe1195c8,0x00000000ffb80000)
  to   space 132608K, 0% used [0x00000000efd00000,0x00000000efd00000,0x00000000f7e80000)
 ParOldGen       total 476160K, used 329132K [0x0000000080000000, 0x000000009d100000, 0x00000000d5580000)
  object space 476160K, 69% used [0x0000000080000000,0x000000009416b0e0,0x000000009d100000)
 Metaspace       used 364800K, capacity 387374K, committed 389080K, reserved 1384448K
  class space    used 49290K, capacity 53115K, committed 53760K, reserved 1048576K
GC Heap History (10 events):
Event: 57375.709 GC heap before
{Heap before GC invocations=204 (full 10):
 PSYoungGen      total 567296K, used 457787K [0x00000000d5580000, 0x0000000100000000, 0x0000000100000000)
  eden space 435712K, 100% used [0x00000000d5580000,0x00000000eff00000,0x00000000eff00000)
  from space 131584K, 16% used [0x00000000eff00000,0x00000000f148eef0,0x00000000f7f80000)
  to   space 128000K, 0% used [0x00000000f8300000,0x00000000f8300000,0x0000000100000000)
 ParOldGen       total 476160K, used 288174K [0x0000000080000000, 0x000000009d100000, 0x00000000d5580000)
  object space 476160K, 60% used [0x0000000080000000,0x000000009196b868,0x000000009d100000)
 Metaspace       used 336240K, capacity 356404K, committed 386008K, reserved 1382400K
  class space    used 45263K, capacity 48674K, committed 53760K, reserved 1048576K
Event: 57375.845 GC heap after
Heap after GC invocations=204 (full 10):
 PSYoungGen      total 559616K, used 82565K [0x00000000d5580000, 0x0000000100000000, 0x0000000100000000)
  eden space 431616K, 0% used [0x00000000d5580000,0x00000000d5580000,0x00000000efb00000)
  from space 128000K, 64% used [0x00000000f8300000,0x00000000fd3a1788,0x0000000100000000)
  to   space 133632K, 0% used [0x00000000efb00000,0x00000000efb00000,0x00000000f7d80000)
 ParOldGen       total 476160K, used 297629K [0x0000000080000000, 0x000000009d100000, 0x00000000d5580000)
  object space 476160K, 62% used [0x0000000080000000,0x00000000922a74c0,0x000000009d100000)
 Metaspace       used 336240K, capacity 356404K, committed 386008K, reserved 1382400K
  class space    used 45263K, capacity 48674K, committed 53760K, reserved 1048576K
}
Event: 59100.241 GC heap before
{Heap before GC invocations=205 (full 10):
 PSYoungGen      total 559616K, used 514181K [0x00000000d5580000, 0x0000000100000000, 0x0000000100000000)
  eden space 431616K, 100% used [0x00000000d5580000,0x00000000efb00000,0x00000000efb00000)
  from space 128000K, 64% used [0x00000000f8300000,0x00000000fd3a1788,0x0000000100000000)
  to   space 133632K, 0% used [0x00000000efb00000,0x00000000efb00000,0x00000000f7d80000)
 ParOldGen       total 476160K, used 297629K [0x0000000080000000, 0x000000009d100000, 0x00000000d5580000)
  object space 476160K, 62% used [0x0000000080000000,0x00000000922a74c0,0x000000009d100000)
 Metaspace       used 347063K, capacity 367740K, committed 386008K, reserved 1382400K
  class space    used 46798K, capacity 50338K, committed 53760K, reserved 1048576K
Event: 59100.416 GC heap after
Heap after GC invocations=205 (full 10):
 PSYoungGen      total 565248K, used 30368K [0x00000000d5580000, 0x00000000ffa80000, 0x0000000100000000)
  eden space 431616K, 0% used [0x00000000d5580000,0x00000000d5580000,0x00000000efb00000)
  from space 133632K, 22% used [0x00000000efb00000,0x00000000f18a8288,0x00000000f7d80000)
  to   space 128000K, 0% used [0x00000000f7d80000,0x00000000f7d80000,0x00000000ffa80000)
 ParOldGen       total 476160K, used 298301K [0x0000000080000000, 0x000000009d100000, 0x00000000d5580000)
  object space 476160K, 62% used [0x0000000080000000,0x000000009234f4f0,0x000000009d100000)
 Metaspace       used 347063K, capacity 367740K, committed 386008K, reserved 1382400K
  class space    used 46798K, capacity 50338K, committed 53760K, reserved 1048576K
}
Event: 59138.545 GC heap before
{Heap before GC invocations=206 (full 10):
 PSYoungGen      total 565248K, used 461984K [0x00000000d5580000, 0x00000000ffa80000, 0x0000000100000000)
  eden space 431616K, 100% used [0x00000000d5580000,0x00000000efb00000,0x00000000efb00000)
  from space 133632K, 22% used [0x00000000efb00000,0x00000000f18a8288,0x00000000f7d80000)
  to   space 128000K, 0% used [0x00000000f7d80000,0x00000000f7d80000,0x00000000ffa80000)
 ParOldGen       total 476160K, used 298301K [0x0000000080000000, 0x000000009d100000, 0x00000000d5580000)
  object space 476160K, 62% used [0x0000000080000000,0x000000009234f4f0,0x000000009d100000)
 Metaspace       used 358638K, capacity 380718K, committed 386008K, reserved 1382400K
  class space    used 48611K, capacity 52357K, committed 53760K, reserved 1048576K
Event: 59139.738 GC heap after
Heap after GC invocations=206 (full 10):
 PSYoungGen      total 560128K, used 61501K [0x00000000d5580000, 0x00000000ff580000, 0x0000000100000000)
  eden space 437248K, 0% used [0x00000000d5580000,0x00000000d5580000,0x00000000f0080000)
  from space 122880K, 50% used [0x00000000f7d80000,0x00000000fb98f6e0,0x00000000ff580000)
  to   space 125440K, 0% used [0x00000000f0080000,0x00000000f0080000,0x00000000f7b00000)
 ParOldGen       total 476160K, used 308621K [0x0000000080000000, 0x000000009d100000, 0x00000000d5580000)
  object space 476160K, 64% used [0x0000000080000000,0x0000000092d635f8,0x000000009d100000)
 Metaspace       used 358638K, capacity 380718K, committed 386008K, reserved 1382400K
  class space    used 48611K, capacity 52357K, committed 53760K, reserved 1048576K
}
Event: 59556.441 GC heap before
{Heap before GC invocations=207 (full 10):
 PSYoungGen      total 560128K, used 498749K [0x00000000d5580000, 0x00000000ff580000, 0x0000000100000000)
  eden space 437248K, 100% used [0x00000000d5580000,0x00000000f0080000,0x00000000f0080000)
  from space 122880K, 50% used [0x00000000f7d80000,0x00000000fb98f6e0,0x00000000ff580000)
  to   space 125440K, 0% used [0x00000000f0080000,0x00000000f0080000,0x00000000f7b00000)
 ParOldGen       total 476160K, used 308621K [0x0000000080000000, 0x000000009d100000, 0x00000000d5580000)
  object space 476160K, 64% used [0x0000000080000000,0x0000000092d635f8,0x000000009d100000)
 Metaspace       used 364730K, capacity 387280K, committed 389080K, reserved 1384448K
  class space    used 49288K, capacity 53112K, committed 53760K, reserved 1048576K
Event: 59556.577 GC heap after
Heap after GC invocations=207 (full 10):
 PSYoungGen      total 562688K, used 23456K [0x00000000d5580000, 0x00000000ffb80000, 0x0000000100000000)
  eden space 437248K, 0% used [0x00000000d5580000,0x00000000d5580000,0x00000000f0080000)
  from space 125440K, 18% used [0x00000000f0080000,0x00000000f1768118,0x00000000f7b00000)
  to   space 121856K, 0% used [0x00000000f8480000,0x00000000f8480000,0x00000000ffb80000)
 ParOldGen       total 476160K, used 318714K [0x0000000080000000, 0x000000009d100000, 0x00000000d5580000)
  object space 476160K, 66% used [0x0000000080000000,0x000000009373ea08,0x000000009d100000)
 Metaspace       used 364730K, capacity 387280K, committed 389080K, reserved 1384448K
  class space    used 49288K, capacity 53112K, committed 53760K, reserved 1048576K
}
Event: 59572.604 GC heap before
{Heap before GC invocations=208 (full 10):
 PSYoungGen      total 562688K, used 460688K [0x00000000d5580000, 0x00000000ffb80000, 0x0000000100000000)
  eden space 437248K, 99% used [0x00000000d5580000,0x00000000f007c2c0,0x00000000f0080000)
  from space 125440K, 18% used [0x00000000f0080000,0x00000000f1768118,0x00000000f7b00000)
  to   space 121856K, 0% used [0x00000000f8480000,0x00000000f8480000,0x00000000ffb80000)
 ParOldGen       total 476160K, used 318714K [0x0000000080000000, 0x000000009d100000, 0x00000000d5580000)
  object space 476160K, 66% used [0x0000000080000000,0x000000009373ea08,0x000000009d100000)
 Metaspace       used 364797K, capacity 387374K, committed 389080K, reserved 1384448K
  class space    used 49290K, capacity 53115K, committed 53760K, reserved 1048576K
Event: 59573.889 GC heap after
Heap after GC invocations=208 (full 10):
 PSYoungGen      total 555520K, used 94821K [0x00000000d5580000, 0x0000000100000000, 0x0000000100000000)
  eden space 433664K, 0% used [0x00000000d5580000,0x00000000d5580000,0x00000000efd00000)
  from space 121856K, 77% used [0x00000000f8480000,0x00000000fe1195c8,0x00000000ffb80000)
  to   space 132608K, 0% used [0x00000000efd00000,0x00000000efd00000,0x00000000f7e80000)
 ParOldGen       total 476160K, used 329132K [0x0000000080000000, 0x000000009d100000, 0x00000000d5580000)
  object space 476160K, 69% used [0x0000000080000000,0x000000009416b0e0,0x000000009d100000)
 Metaspace       used 364797K, capacity 387374K, committed 389080K, reserved 1384448K
  class space    used 49290K, capacity 53115K, committed 53760K, reserved 1048576K
}

